#
# There is insufficient memory for the Java Runtime Environment to continue.
# Native memory allocation (malloc) failed to allocate 1048576 bytes for AllocateHeap
# Possible reasons:
#   The system is out of physical RAM or swap space
#   In 32 bit mode, the process size limit was hit
# Possible solutions:
#   Reduce memory load on the system
#   Increase physical memory or swap space
#   Check if swap backing store is full
#   Use 64 bit Java on a 64 bit OS
#   Decrease Java heap size (-Xmx/-Xms)
#   Decrease number of Java threads
#   Decrease Java thread stack sizes (-Xss)
#   Set larger code cache with -XX:ReservedCodeCacheSize=
# This output file may be truncated or incomplete.
#
#  Out of Memory Error (memory/allocation.inline.hpp:61), pid=9780, tid=0x0000000000023f7c
#
# JRE version:  (8.0_152-b01) (build )
# Java VM: OpenJDK 64-Bit Server VM (25.152-b01 mixed mode windows-amd64 compressed oops)
# Failed to write core dump. Minidumps are not enabled by default on client versions of Windows
#

---------------  T H R E A D  ---------------

Current thread (0x0000000002dee000):  JavaThread "Unknown thread" [_thread_in_vm, id=147324, stack(0x0000000002ea0000,0x0000000002fa0000)]

Stack: [0x0000000002ea0000,0x0000000002fa0000]
[error occurred during error reporting (printing stack bounds), id 0xc0000005]

Native frames: (J=compiled Java code, j=interpreted, Vv=VM code, C=native code)


---------------  P R O C E S S  ---------------

Java Threads: ( => current thread )

Other Threads:

=>0x0000000002dee000 (exited) JavaThread "Unknown thread" [_thread_in_vm, id=147324, stack(0x0000000002ea0000,0x0000000002fa0000)]

VM state:not at safepoint (normal execution)

VM Mutex/Monitor currently owned by a thread: None

Heap:
 PSYoungGen      total 57344K, used 983K [0x000000076ab00000, 0x000000076eb00000, 0x00000007c0000000)
  eden space 49152K, 2% used [0x000000076ab00000,0x000000076abf5c38,0x000000076db00000)
  from space 8192K, 0% used [0x000000076e300000,0x000000076e300000,0x000000076eb00000)
  to   space 8192K, 0% used [0x000000076db00000,0x000000076db00000,0x000000076e300000)
 ParOldGen       total 131072K, used 0K [0x00000006c0000000, 0x00000006c8000000, 0x000000076ab00000)
  object space 131072K, 0% used [0x00000006c0000000,0x00000006c0000000,0x00000006c8000000)
 Metaspace       used 772K, capacity 4480K, committed 4480K, reserved 1056768K
  class space    used 73K, capacity 384K, committed 384K, reserved 1048576K

Card table byte_map: [0x0000000012460000,0x0000000012c70000] byte_map_base: 0x000000000ee60000

Marking Bits: (ParMarkBitMap*) 0x00000000687a3950
 Begin Bits: [0x00000000139d0000, 0x00000000179d0000)
 End Bits:   [0x00000000179d0000, 0x000000001b9d0000)

Polling page: 0x0000000002df0000

CodeCache: size=245760Kb used=328Kb max_used=328Kb free=245431Kb
 bounds [0x00000000030a0000, 0x0000000003310000, 0x00000000120a0000]
 total_blobs=57 nmethods=0 adapters=38
 compilation: enabled

Compilation events (0 events):
No events

GC Heap History (0 events):
No events

Deoptimization events (0 events):
No events

Classes redefined (0 events):
No events

Internal exceptions (0 events):
No events

Events (10 events):
Event: 0.044 loading class java/lang/Short
Event: 0.044 loading class java/lang/Short done
Event: 0.044 loading class java/lang/Integer
Event: 0.044 loading class java/lang/Integer done
Event: 0.044 loading class java/lang/Long
Event: 0.045 loading class java/lang/Long done
Event: 0.045 loading class java/lang/NullPointerException
Event: 0.045 loading class java/lang/NullPointerException done
Event: 0.045 loading class java/lang/ArithmeticException
Event: 0.045 loading class java/lang/ArithmeticException done


Dynamic libraries:
0x00007ff610b20000 - 0x00007ff610b51000 	C:\Program Files\Android\Android Studio\jre\bin\java.exe
0x00007ff9835d0000 - 0x00007ff9837ab000 	C:\WINDOWS\SYSTEM32\ntdll.dll
0x00007ff9833d0000 - 0x00007ff98347e000 	C:\WINDOWS\System32\KERNEL32.DLL
0x00007ff97fb10000 - 0x00007ff97fd59000 	C:\WINDOWS\System32\KERNELBASE.dll
0x00007ff981650000 - 0x00007ff9816f1000 	C:\WINDOWS\System32\ADVAPI32.dll
0x00007ff980f70000 - 0x00007ff98100d000 	C:\WINDOWS\System32\msvcrt.dll
0x00007ff983310000 - 0x00007ff983369000 	C:\WINDOWS\System32\sechost.dll
0x00007ff981210000 - 0x00007ff981335000 	C:\WINDOWS\System32\RPCRT4.dll
0x00007ff983480000 - 0x00007ff9835ca000 	C:\WINDOWS\System32\USER32.dll
0x00007ff97faf0000 - 0x00007ff97fb0e000 	C:\WINDOWS\System32\win32u.dll
0x00007ff981120000 - 0x00007ff981147000 	C:\WINDOWS\System32\GDI32.dll
0x00007ff97ff00000 - 0x00007ff980087000 	C:\WINDOWS\System32\gdi32full.dll
0x00007ff97fd60000 - 0x00007ff97fdfa000 	C:\WINDOWS\System32\msvcp_win.dll
0x00007ff97fe00000 - 0x00007ff97fef6000 	C:\WINDOWS\System32\ucrtbase.dll
0x00007ff975fe0000 - 0x00007ff976247000 	C:\WINDOWS\WinSxS\amd64_microsoft.windows.common-controls_6595b64144ccf1df_6.0.15063.483_none_26002d27e7c744a2\COMCTL32.dll
0x00007ff981340000 - 0x00007ff981639000 	C:\WINDOWS\System32\combase.dll
0x00007ff9800f0000 - 0x00007ff98015a000 	C:\WINDOWS\System32\bcryptPrimitives.dll
0x00007ff981d30000 - 0x00007ff981d5d000 	C:\WINDOWS\System32\IMM32.DLL
0x0000000067f00000 - 0x0000000067fd2000 	C:\Program Files\Android\Android Studio\jre\jre\bin\msvcr100.dll
0x0000000067fe0000 - 0x000000006881e000 	C:\Program Files\Android\Android Studio\jre\jre\bin\server\jvm.dll
0x00007ff981700000 - 0x00007ff981708000 	C:\WINDOWS\System32\PSAPI.DLL
0x00007ff972730000 - 0x00007ff972739000 	C:\WINDOWS\SYSTEM32\WSOCK32.dll
0x00007ff981bc0000 - 0x00007ff981c2c000 	C:\WINDOWS\System32\WS2_32.dll
0x00007ff97db40000 - 0x00007ff97db63000 	C:\WINDOWS\SYSTEM32\WINMM.dll
0x00007ff979100000 - 0x00007ff97910a000 	C:\WINDOWS\SYSTEM32\VERSION.dll
0x00007ff97db10000 - 0x00007ff97db3b000 	C:\WINDOWS\SYSTEM32\WINMMBASE.dll
0x00007ff980860000 - 0x00007ff9808a9000 	C:\WINDOWS\System32\cfgmgr32.dll
0x00007ff9768b0000 - 0x00007ff9768bf000 	C:\Program Files\Android\Android Studio\jre\jre\bin\verify.dll
0x00007ff966fa0000 - 0x00007ff966fc9000 	C:\Program Files\Android\Android Studio\jre\jre\bin\java.dll
0x00007ff9746e0000 - 0x00007ff9746f6000 	C:\Program Files\Android\Android Studio\jre\jre\bin\zip.dll

VM Arguments:
jvm_args: -Djava.awt.headless=true -Xmx4g -Dfile.encoding=windows-1252 -Duser.country=US -Duser.language=en -Duser.variant 
java_command: com.android.dx.command.Main --dex --force-jumbo --num-threads=4 --multi-dex --output C:\Users\N\Documents\GitHub\Habitivity\app\build\intermediates\transforms\dex\debug\folders\1000\5\slice_3 C:\Users\N\Documents\GitHub\Habitivity\app\build\intermediates\transforms\instantRunSlicer\debug\folders\1\5\slice_3
java_class_path (initial): C:\Users\N\AppData\Local\Android\sdk\build-tools\26.0.2\lib\dx.jar
Launcher Type: SUN_STANDARD

Environment Variables:
PATH=C:\ProgramData\Oracle\Java\javapath;C:\Program Files (x86)\Common Files\Intel\Shared Libraries\redist\intel64\compiler;C:\Program Files (x86)\AMD APP\bin\x86_64;C:\Program Files (x86)\AMD APP\bin\x86;c:\Program Files (x86)\Intel\iCLS Client\;c:\Program Files\Intel\iCLS Client\;C:\WINDOWS\system32;C:\WINDOWS;C:\WINDOWS\System32\Wbem;C:\WINDOWS\System32\WindowsPowerShell\v1.0\;C:\Program Files\Intel\Intel(R) Management Engine Components\DAL;C:\Program Files\Intel\Intel(R) Management Engine Components\IPT;C:\Program Files (x86)\Intel\Intel(R) Management Engine Components\DAL;C:\Program Files (x86)\Intel\Intel(R) Management Engine Components\IPT;C:\Program Files (x86)\ATI Technologies\ATI.ACE\Core-Static;C:\Program Files (x86)\Windows Live\Shared;C:\Program Files\Samsung\AllShare Framework DMS\1.3.23\;C:\Program Files\Samsung\AllShare Framework DMS\1.3.23\64bit\;C:\Program Files (x86)\QuickTime\QTSystem\;C:\Program Files\Common Files\Autodesk Shared\;C:\Program Files\WorldPainter;C:\Program Files (x86)\GtkSharp\2.12\bin;C:\Program Files (x86)\Autodesk\Backburner\;C:\Users\N\AppData\Local\Microsoft\WindowsApps;C:\Users\N\AppData\Local\GitHubDesktop\bin
USERNAME=N
OS=Windows_NT
PROCESSOR_IDENTIFIER=Intel64 Family 6 Model 58 Stepping 9, GenuineIntel



---------------  S Y S T E M  ---------------

OS: Windows 10.0 , 64 bit Build 15063 (10.0.15063.296)

CPU:total 8 (initial active 8) (4 cores per cpu, 2 threads per core) family 6 model 58 stepping 9, cmov, cx8, fxsr, mmx, sse, sse2, sse3, ssse3, sse4.1, sse4.2, popcnt, avx, aes, clmul, erms, ht, tsc, tscinvbit, tscinv

Memory: 4k page, physical 12537168k(3940076k free), swap 16731472k(5408k free)

vm_info: OpenJDK 64-Bit Server VM (25.152-b01) for windows-amd64 JRE (1.8.0_152-release-915-b01), built by "builder" with MS VC++ 10.0 (VS2010)

time: Thu Nov 30 01:51:15 2017
elapsed time: 0 seconds (0d 0h 0m 0s)

