#
# There is insufficient memory for the Java Runtime Environment to continue.
# Native memory allocation (malloc) failed to allocate 8192 bytes for AllocateHeap
# Possible reasons:
#   The system is out of physical RAM or swap space
#   In 32 bit mode, the process size limit was hit
# Possible solutions:
#   Reduce memory load on the system
#   Increase physical memory or swap space
#   Check if swap backing store is full
#   Use 64 bit Java on a 64 bit OS
#   Decrease Java heap size (-Xmx/-Xms)
#   Decrease number of Java threads
#   Decrease Java thread stack sizes (-Xss)
#   Set larger code cache with -XX:ReservedCodeCacheSize=
# This output file may be truncated or incomplete.
#
#  Out of Memory Error (memory/allocation.inline.hpp:61), pid=126440, tid=0x0000000000023fe4
#
# JRE version: OpenJDK Runtime Environment (8.0_152-b01) (build 1.8.0_152-release-915-b01)
# Java VM: OpenJDK 64-Bit Server VM (25.152-b01 mixed mode windows-amd64 compressed oops)
# Failed to write core dump. Minidumps are not enabled by default on client versions of Windows
#

---------------  T H R E A D  ---------------

Current thread (0x000000000266e000):  JavaThread "main" [_thread_in_vm, id=147428, stack(0x0000000002670000,0x0000000002770000)]

Stack: [0x0000000002670000,0x0000000002770000]
[error occurred during error reporting (printing stack bounds), id 0xc0000005]

Native frames: (J=compiled Java code, j=interpreted, Vv=VM code, C=native code)

Java frames: (J=compiled Java code, j=interpreted, Vv=VM code)
j  java.lang.Throwable.getStackTraceElement(I)Ljava/lang/StackTraceElement;+0
j  java.lang.Throwable.getOurStackTrace()[Ljava/lang/StackTraceElement;+51
j  java.lang.Throwable.printStackTrace(Ljava/lang/Throwable$PrintStreamOrWriter;)V+32
j  java.lang.Throwable.printStackTrace(Ljava/io/PrintStream;)V+9
j  java.lang.Throwable.printStackTrace()V+4
v  ~StubRoutines::call_stub

---------------  P R O C E S S  ---------------

Java Threads: ( => current thread )
  0x000000001e317800 JavaThread "Service Thread" daemon [_thread_blocked, id=153100, stack(0x000000001ee60000,0x000000001ef60000)]
  0x000000001e2f1000 JavaThread "C1 CompilerThread3" daemon [_thread_blocked, id=153472, stack(0x000000001ed60000,0x000000001ee60000)]
  0x000000001e2ed800 JavaThread "C2 CompilerThread2" daemon [_thread_blocked, id=147248, stack(0x000000001ec60000,0x000000001ed60000)]
  0x000000001e2a1000 JavaThread "C2 CompilerThread1" daemon [_thread_blocked, id=140484, stack(0x000000001eb60000,0x000000001ec60000)]
  0x000000001e29e800 JavaThread "C2 CompilerThread0" daemon [_thread_blocked, id=148016, stack(0x000000001ea60000,0x000000001eb60000)]
  0x000000001e29b000 JavaThread "Attach Listener" daemon [_thread_blocked, id=3116, stack(0x000000001e960000,0x000000001ea60000)]
  0x000000001e29a000 JavaThread "Signal Dispatcher" daemon [_thread_blocked, id=5392, stack(0x000000001e860000,0x000000001e960000)]
  0x000000001c390800 JavaThread "Finalizer" daemon [_thread_blocked, id=58504, stack(0x000000001e670000,0x000000001e770000)]
  0x0000000002867000 JavaThread "Reference Handler" daemon [_thread_blocked, id=8072, stack(0x000000001e170000,0x000000001e270000)]
=>0x000000000266e000 JavaThread "main" [_thread_in_vm, id=147428, stack(0x0000000002670000,0x0000000002770000)]

Other Threads:
  0x000000001c385800 VMThread [stack: 0x000000001e070000,0x000000001e170000] [id=99224]
  0x000000001e318000 WatcherThread [stack: 0x000000001ef60000,0x000000001f060000] [id=152336]

VM state:not at safepoint (normal execution)

VM Mutex/Monitor currently owned by a thread:  ([mutex/lock_event])
[0x000000000266d550] StringTable_lock - owner thread: 0x000000000266e000

Heap:
 PSYoungGen      total 57344K, used 1966K [0x000000076ab00000, 0x000000076eb00000, 0x00000007c0000000)
  eden space 49152K, 4% used [0x000000076ab00000,0x000000076aceb878,0x000000076db00000)
  from space 8192K, 0% used [0x000000076e300000,0x000000076e300000,0x000000076eb00000)
  to   space 8192K, 0% used [0x000000076db00000,0x000000076db00000,0x000000076e300000)
 ParOldGen       total 131072K, used 0K [0x00000006c0000000, 0x00000006c8000000, 0x000000076ab00000)
  object space 131072K, 0% used [0x00000006c0000000,0x00000006c0000000,0x00000006c8000000)
 Metaspace       used 2352K, capacity 4480K, committed 4480K, reserved 1056768K
  class space    used 253K, capacity 384K, committed 384K, reserved 1048576K

Card table byte_map: [0x0000000011c30000,0x0000000012440000] byte_map_base: 0x000000000e630000

Marking Bits: (ParMarkBitMap*) 0x0000000065123950
 Begin Bits: [0x00000000131a0000, 0x00000000171a0000)
 End Bits:   [0x00000000171a0000, 0x000000001b1a0000)

Polling page: 0x0000000000b60000

CodeCache: size=245760Kb used=1097Kb max_used=1097Kb free=244662Kb
 bounds [0x0000000002870000, 0x0000000002ae0000, 0x0000000011870000]
 total_blobs=246 nmethods=21 adapters=140
 compilation: enabled

Compilation events (10 events):
Event: 0.551 Thread 0x000000001e2f1000   19       3       java.lang.Math::min (11 bytes)
Event: 0.551 Thread 0x000000001e2f1000 nmethod 19 0x00000000029802d0 code [0x0000000002980420, 0x00000000029805b0]
Event: 0.551 Thread 0x000000001e2f1000   17       3       java.lang.String::<init> (82 bytes)
Event: 0.551 Thread 0x000000001e2f1000 nmethod 17 0x0000000002980610 code [0x00000000029807e0, 0x0000000002980cd8]
Event: 0.551 Thread 0x000000001e2f1000   18       3       java.lang.String::getChars (62 bytes)
Event: 0.551 Thread 0x000000001e2f1000 nmethod 18 0x0000000002980f50 code [0x0000000002981100, 0x0000000002981538]
Event: 0.552 Thread 0x000000001e2f1000   20       3       java.lang.String::indexOf (70 bytes)
Event: 0.552 Thread 0x000000001e2f1000 nmethod 20 0x0000000002981750 code [0x00000000029818e0, 0x0000000002981c88]
Event: 0.552 Thread 0x000000001e2f1000   21       3       java.lang.String::equals (81 bytes)
Event: 0.552 Thread 0x000000001e2f1000 nmethod 21 0x0000000002981dd0 code [0x0000000002981f60, 0x00000000029824b0]

GC Heap History (0 events):
No events

Deoptimization events (0 events):
No events

Classes redefined (0 events):
No events

Internal exceptions (8 events):
Event: 0.437 Thread 0x000000000266e000 Exception <a 'java/lang/NoSuchMethodError': Method sun.misc.Unsafe.defineClass(Ljava/lang/String;[BII)Ljava/lang/Class; name or signature does not match> (0x000000076ab07ca8) thrown at [D:\src\AOSP-openjdk-cygwin\jdk8u\hotspot\src\share\vm\prims\jni.cpp, 
Event: 0.437 Thread 0x000000000266e000 Exception <a 'java/lang/NoSuchMethodError': Method sun.misc.Unsafe.prefetchRead(Ljava/lang/Object;J)V name or signature does not match> (0x000000076ab07f90) thrown at [D:\src\AOSP-openjdk-cygwin\jdk8u\hotspot\src\share\vm\prims\jni.cpp, line 4011]
Event: 0.552 Thread 0x000000000266e000 Exception <a 'java/lang/StackOverflowError'> (0x000000076ab60678) thrown at [D:\src\AOSP-openjdk-cygwin\jdk8u\hotspot\src\share\vm\interpreter\interpreterRuntime.cpp, line 323]
Event: 0.552 Thread 0x000000000266e000 Exception <a 'java/lang/StackOverflowError'> (0x000000076ab60678) thrown at [D:\src\AOSP-openjdk-cygwin\jdk8u\hotspot\src\share\vm\prims\jvm.cpp, line 1394]
Event: 0.553 Thread 0x000000000266e000 Exception <a 'java/lang/StackOverflowError'> (0x000000076ab60678) thrown at [D:\src\AOSP-openjdk-cygwin\jdk8u\hotspot\src\share\vm\oops\instanceKlass.cpp, line 959]
Event: 0.553 Thread 0x000000000266e000 Exception <a 'java/lang/StackOverflowError'> (0x000000076ab60678) thrown at [D:\src\AOSP-openjdk-cygwin\jdk8u\hotspot\src\share\vm\prims\jvm.cpp, line 1394]
Event: 0.553 Thread 0x000000000266e000 Exception <a 'java/lang/StackOverflowError'> (0x000000076ab60678) thrown at [D:\src\AOSP-openjdk-cygwin\jdk8u\hotspot\src\share\vm\prims\jvm.cpp, line 1394]
Event: 0.553 Thread 0x000000000266e000 Exception <a 'java/lang/StackOverflowError'> (0x000000076ab60678) thrown at [D:\src\AOSP-openjdk-cygwin\jdk8u\hotspot\src\share\vm\prims\jvm.cpp, line 1394]

Events (10 events):
Event: 0.553 loading class java/lang/SecurityException
Event: 0.553 loading class java/lang/SecurityException done
Event: 0.553 loading class java/lang/Throwable$WrappedPrintStream
Event: 0.553 loading class java/lang/Throwable$PrintStreamOrWriter
Event: 0.553 loading class java/lang/Throwable$PrintStreamOrWriter done
Event: 0.553 loading class java/lang/Throwable$WrappedPrintStream done
Event: 0.553 loading class java/util/IdentityHashMap
Event: 0.553 loading class java/util/IdentityHashMap done
Event: 0.553 loading class java/util/IdentityHashMap$KeySet
Event: 0.553 loading class java/util/IdentityHashMap$KeySet done


Dynamic libraries:
0x00007ff610b20000 - 0x00007ff610b51000 	C:\Program Files\Android\Android Studio\jre\bin\java.exe
0x00007ff9835d0000 - 0x00007ff9837ab000 	C:\WINDOWS\SYSTEM32\ntdll.dll
0x00007ff9833d0000 - 0x00007ff98347e000 	C:\WINDOWS\System32\KERNEL32.DLL
0x00007ff97fb10000 - 0x00007ff97fd59000 	C:\WINDOWS\System32\KERNELBASE.dll
0x00007ff981650000 - 0x00007ff9816f1000 	C:\WINDOWS\System32\ADVAPI32.dll
0x00007ff980f70000 - 0x00007ff98100d000 	C:\WINDOWS\System32\msvcrt.dll
0x00007ff983310000 - 0x00007ff983369000 	C:\WINDOWS\System32\sechost.dll
0x00007ff981210000 - 0x00007ff981335000 	C:\WINDOWS\System32\RPCRT4.dll
0x00007ff983480000 - 0x00007ff9835ca000 	C:\WINDOWS\System32\USER32.dll
0x00007ff97faf0000 - 0x00007ff97fb0e000 	C:\WINDOWS\System32\win32u.dll
0x00007ff981120000 - 0x00007ff981147000 	C:\WINDOWS\System32\GDI32.dll
0x00007ff97ff00000 - 0x00007ff980087000 	C:\WINDOWS\System32\gdi32full.dll
0x00007ff97fd60000 - 0x00007ff97fdfa000 	C:\WINDOWS\System32\msvcp_win.dll
0x00007ff97fe00000 - 0x00007ff97fef6000 	C:\WINDOWS\System32\ucrtbase.dll
0x00007ff975fe0000 - 0x00007ff976247000 	C:\WINDOWS\WinSxS\amd64_microsoft.windows.common-controls_6595b64144ccf1df_6.0.15063.483_none_26002d27e7c744a2\COMCTL32.dll
0x00007ff981340000 - 0x00007ff981639000 	C:\WINDOWS\System32\combase.dll
0x00007ff9800f0000 - 0x00007ff98015a000 	C:\WINDOWS\System32\bcryptPrimitives.dll
0x00007ff981d30000 - 0x00007ff981d5d000 	C:\WINDOWS\System32\IMM32.DLL
0x0000000068740000 - 0x0000000068812000 	C:\Program Files\Android\Android Studio\jre\jre\bin\msvcr100.dll
0x0000000064960000 - 0x000000006519e000 	C:\Program Files\Android\Android Studio\jre\jre\bin\server\jvm.dll
0x00007ff981700000 - 0x00007ff981708000 	C:\WINDOWS\System32\PSAPI.DLL
0x00007ff972730000 - 0x00007ff972739000 	C:\WINDOWS\SYSTEM32\WSOCK32.dll
0x00007ff981bc0000 - 0x00007ff981c2c000 	C:\WINDOWS\System32\WS2_32.dll
0x00007ff97db40000 - 0x00007ff97db63000 	C:\WINDOWS\SYSTEM32\WINMM.dll
0x00007ff979100000 - 0x00007ff97910a000 	C:\WINDOWS\SYSTEM32\VERSION.dll
0x00007ff97db10000 - 0x00007ff97db3b000 	C:\WINDOWS\SYSTEM32\WINMMBASE.dll
0x00007ff980860000 - 0x00007ff9808a9000 	C:\WINDOWS\System32\cfgmgr32.dll
0x00007ff9741d0000 - 0x00007ff9741df000 	C:\Program Files\Android\Android Studio\jre\jre\bin\verify.dll
0x00007ff963620000 - 0x00007ff963649000 	C:\Program Files\Android\Android Studio\jre\jre\bin\java.dll
0x00007ff9741b0000 - 0x00007ff9741c6000 	C:\Program Files\Android\Android Studio\jre\jre\bin\zip.dll
0x00007ff981ed0000 - 0x00007ff983307000 	C:\WINDOWS\System32\SHELL32.dll
0x00007ff981150000 - 0x00007ff9811fa000 	C:\WINDOWS\System32\shcore.dll
0x00007ff980160000 - 0x00007ff980851000 	C:\WINDOWS\System32\windows.storage.dll
0x00007ff981ac0000 - 0x00007ff981b11000 	C:\WINDOWS\System32\shlwapi.dll
0x00007ff97fa60000 - 0x00007ff97fa71000 	C:\WINDOWS\System32\kernel.appcore.dll
0x00007ff97faa0000 - 0x00007ff97faec000 	C:\WINDOWS\System32\powrprof.dll
0x00007ff97fa40000 - 0x00007ff97fa55000 	C:\WINDOWS\System32\profapi.dll

VM Arguments:
jvm_args: -Djava.awt.headless=true -Xmx4g -Dfile.encoding=windows-1252 -Duser.country=US -Duser.language=en -Duser.variant 
java_command: com.android.dx.command.Main --dex --force-jumbo --num-threads=4 --multi-dex --output C:\Users\N\Documents\GitHub\Habitivity\app\build\intermediates\transforms\dex\debug\folders\1000\2\jest-droid-2.0.1-SNAPSHOT_e8fabacf4ef34cda50047188dff8c3dce8a8252a C:\Users\N\Documents\GitHub\Habitivity\app\src\include\jest-droid-2.0.1-SNAPSHOT.jar
java_class_path (initial): C:\Users\N\AppData\Local\Android\sdk\build-tools\26.0.2\lib\dx.jar
Launcher Type: SUN_STANDARD

Environment Variables:
PATH=C:\ProgramData\Oracle\Java\javapath;C:\Program Files (x86)\Common Files\Intel\Shared Libraries\redist\intel64\compiler;C:\Program Files (x86)\AMD APP\bin\x86_64;C:\Program Files (x86)\AMD APP\bin\x86;c:\Program Files (x86)\Intel\iCLS Client\;c:\Program Files\Intel\iCLS Client\;C:\WINDOWS\system32;C:\WINDOWS;C:\WINDOWS\System32\Wbem;C:\WINDOWS\System32\WindowsPowerShell\v1.0\;C:\Program Files\Intel\Intel(R) Management Engine Components\DAL;C:\Program Files\Intel\Intel(R) Management Engine Components\IPT;C:\Program Files (x86)\Intel\Intel(R) Management Engine Components\DAL;C:\Program Files (x86)\Intel\Intel(R) Management Engine Components\IPT;C:\Program Files (x86)\ATI Technologies\ATI.ACE\Core-Static;C:\Program Files (x86)\Windows Live\Shared;C:\Program Files\Samsung\AllShare Framework DMS\1.3.23\;C:\Program Files\Samsung\AllShare Framework DMS\1.3.23\64bit\;C:\Program Files (x86)\QuickTime\QTSystem\;C:\Program Files\Common Files\Autodesk Shared\;C:\Program Files\WorldPainter;C:\Program Files (x86)\GtkSharp\2.12\bin;C:\Program Files (x86)\Autodesk\Backburner\;C:\Users\N\AppData\Local\Microsoft\WindowsApps;C:\Users\N\AppData\Local\GitHubDesktop\bin
USERNAME=N
OS=Windows_NT
PROCESSOR_IDENTIFIER=Intel64 Family 6 Model 58 Stepping 9, GenuineIntel



---------------  S Y S T E M  ---------------

OS: Windows 10.0 , 64 bit Build 15063 (10.0.15063.296)

CPU:total 8 (initial active 8) (4 cores per cpu, 2 threads per core) family 6 model 58 stepping 9, cmov, cx8, fxsr, mmx, sse, sse2, sse3, ssse3, sse4.1, sse4.2, popcnt, avx, aes, clmul, erms, ht, tsc, tscinvbit, tscinv

Memory: 4k page, physical 12537168k(4151688k free), swap 16731472k(432k free)

vm_info: OpenJDK 64-Bit Server VM (25.152-b01) for windows-amd64 JRE (1.8.0_152-release-915-b01), built by "builder" with MS VC++ 10.0 (VS2010)

time: Wed Nov 29 02:14:34 2017
elapsed time: 0 seconds (0d 0h 0m 0s)

