#
# There is insufficient memory for the Java Runtime Environment to continue.
# Native memory allocation (malloc) failed to allocate 156208 bytes for Chunk::new
# Possible reasons:
#   The system is out of physical RAM or swap space
#   In 32 bit mode, the process size limit was hit
# Possible solutions:
#   Reduce memory load on the system
#   Increase physical memory or swap space
#   Check if swap backing store is full
#   Use 64 bit Java on a 64 bit OS
#   Decrease Java heap size (-Xmx/-Xms)
#   Decrease number of Java threads
#   Decrease Java thread stack sizes (-Xss)
#   Set larger code cache with -XX:ReservedCodeCacheSize=
# This output file may be truncated or incomplete.
#
#  Out of Memory Error (allocation.cpp:390), pid=151864, tid=0x0000000000001d28
#
# JRE version: OpenJDK Runtime Environment (8.0_152-b01) (build 1.8.0_152-release-915-b01)
# Java VM: OpenJDK 64-Bit Server VM (25.152-b01 mixed mode windows-amd64 compressed oops)
# Failed to write core dump. Minidumps are not enabled by default on client versions of Windows
#

---------------  T H R E A D  ---------------

Current thread (0x000000001e80c800):  JavaThread "C2 CompilerThread1" daemon [_thread_in_native, id=7464, stack(0x000000001f0d0000,0x000000001f1d0000)]

Stack: [0x000000001f0d0000,0x000000001f1d0000]
[error occurred during error reporting (printing stack bounds), id 0xc0000005]

Native frames: (J=compiled Java code, j=interpreted, Vv=VM code, C=native code)


Current CompileTask:
C2:    976 1029       4       com.android.dx.ssa.SCCP::simulateStmt (481 bytes)


---------------  P R O C E S S  ---------------

Java Threads: ( => current thread )
  0x000000001eb61000 JavaThread "pool-2-thread-4" [_thread_in_Java, id=14428, stack(0x000000001f9d0000,0x000000001fad0000)]
  0x000000001eb5b000 JavaThread "pool-2-thread-3" [_thread_in_Java, id=147064, stack(0x000000001f8d0000,0x000000001f9d0000)]
  0x000000001e9e3800 JavaThread "pool-2-thread-2" [_thread_blocked, id=148372, stack(0x000000001f7d0000,0x000000001f8d0000)]
  0x000000001e9e1000 JavaThread "pool-3-thread-1" [_thread_blocked, id=5284, stack(0x000000001f6d0000,0x000000001f7d0000)]
  0x000000001e9e0000 JavaThread "pool-2-thread-1" [_thread_blocked, id=126780, stack(0x000000001f5d0000,0x000000001f6d0000)]
  0x000000001e89d800 JavaThread "Service Thread" daemon [_thread_blocked, id=147228, stack(0x000000001f3d0000,0x000000001f4d0000)]
  0x000000001e821800 JavaThread "C1 CompilerThread3" daemon [_thread_blocked, id=146684, stack(0x000000001f2d0000,0x000000001f3d0000)]
  0x000000001e80e800 JavaThread "C2 CompilerThread2" daemon [_thread_in_native, id=11204, stack(0x000000001f1d0000,0x000000001f2d0000)]
=>0x000000001e80c800 JavaThread "C2 CompilerThread1" daemon [_thread_in_native, id=7464, stack(0x000000001f0d0000,0x000000001f1d0000)]
  0x000000001e80a000 JavaThread "C2 CompilerThread0" daemon [_thread_in_native, id=16220, stack(0x000000001efd0000,0x000000001f0d0000)]
  0x000000001e806800 JavaThread "Attach Listener" daemon [_thread_blocked, id=15992, stack(0x000000001eed0000,0x000000001efd0000)]
  0x000000001e805800 JavaThread "Signal Dispatcher" daemon [_thread_blocked, id=146016, stack(0x000000001edd0000,0x000000001eed0000)]
  0x000000001e800800 JavaThread "Finalizer" daemon [_thread_blocked, id=151832, stack(0x000000001ebe0000,0x000000001ece0000)]
  0x0000000002dd7000 JavaThread "Reference Handler" daemon [_thread_blocked, id=148816, stack(0x000000001e6e0000,0x000000001e7e0000)]
  0x0000000002bde000 JavaThread "main" [_thread_in_Java, id=13208, stack(0x0000000002be0000,0x0000000002ce0000)]

Other Threads:
  0x000000001c8f5800 VMThread [stack: 0x000000001e5e0000,0x000000001e6e0000] [id=107808]
  0x000000001e8a6000 WatcherThread [stack: 0x000000001f4d0000,0x000000001f5d0000] [id=146560]

VM state:not at safepoint (normal execution)

VM Mutex/Monitor currently owned by a thread: None

Heap:
 PSYoungGen      total 57344K, used 25495K [0x000000076ab00000, 0x0000000771b00000, 0x00000007c0000000)
  eden space 49152K, 35% used [0x000000076ab00000,0x000000076bbe64f8,0x000000076db00000)
  from space 8192K, 99% used [0x000000076db00000,0x000000076e2ffa00,0x000000076e300000)
  to   space 8192K, 0% used [0x0000000771300000,0x0000000771300000,0x0000000771b00000)
 ParOldGen       total 131072K, used 5547K [0x00000006c0000000, 0x00000006c8000000, 0x000000076ab00000)
  object space 131072K, 4% used [0x00000006c0000000,0x00000006c056ac28,0x00000006c8000000)
 Metaspace       used 5942K, capacity 7024K, committed 7296K, reserved 1056768K
  class space    used 580K, capacity 616K, committed 640K, reserved 1048576K

Card table byte_map: [0x00000000121a0000,0x00000000129b0000] byte_map_base: 0x000000000eba0000

Marking Bits: (ParMarkBitMap*) 0x00000000687a3950
 Begin Bits: [0x0000000013710000, 0x0000000017710000)
 End Bits:   [0x0000000017710000, 0x000000001b710000)

Polling page: 0x0000000001340000

CodeCache: size=245760Kb used=5039Kb max_used=5039Kb free=240721Kb
 bounds [0x0000000002de0000, 0x00000000032d0000, 0x0000000011de0000]
 total_blobs=1474 nmethods=1211 adapters=177
 compilation: enabled

Compilation events (10 events):
Event: 0.903 Thread 0x000000001e821800 nmethod 1203 0x0000000003274290 code [0x00000000032743e0, 0x00000000032744f0]
Event: 0.921 Thread 0x000000001e821800 1207       3       com.android.dx.cf.code.Ropper::addExceptionSetupBlocks (203 bytes)
Event: 0.923 Thread 0x000000001e821800 nmethod 1207 0x00000000032b5910 code [0x00000000032b5d00, 0x00000000032b8108]
Event: 0.923 Thread 0x000000001e821800 1208       3       com.android.dx.cf.code.Ropper::getRopMethod (64 bytes)
Event: 0.924 Thread 0x000000001e821800 nmethod 1208 0x00000000032b9d10 code [0x00000000032b9f60, 0x00000000032bad18]
Event: 0.924 Thread 0x000000001e821800 1210       3       com.android.dx.ssa.SsaMethod::convertRopToSsaBlocks (103 bytes)
Event: 0.926 Thread 0x000000001e821800 nmethod 1210 0x00000000032bb610 code [0x00000000032bb880, 0x00000000032bca68]
Event: 0.948 Thread 0x000000001e821800 1211   !   3       java.util.zip.ZipFile$ZipFileInflaterInputStream::close (67 bytes)
Event: 0.949 Thread 0x000000001e821800 nmethod 1211 0x00000000032c0890 code [0x00000000032c0a60, 0x00000000032c1298]
Event: 0.949 Thread 0x000000001e821800 1212       3       sun.misc.VM::addFinalRefCount (24 bytes)

GC Heap History (2 events):
Event: 0.931 GC heap before
{Heap before GC invocations=1 (full 0):
 PSYoungGen      total 57344K, used 49152K [0x000000076ab00000, 0x000000076eb00000, 0x00000007c0000000)
  eden space 49152K, 100% used [0x000000076ab00000,0x000000076db00000,0x000000076db00000)
  from space 8192K, 0% used [0x000000076e300000,0x000000076e300000,0x000000076eb00000)
  to   space 8192K, 0% used [0x000000076db00000,0x000000076db00000,0x000000076e300000)
 ParOldGen       total 131072K, used 0K [0x00000006c0000000, 0x00000006c8000000, 0x000000076ab00000)
  object space 131072K, 0% used [0x00000006c0000000,0x00000006c0000000,0x00000006c8000000)
 Metaspace       used 5929K, capacity 7024K, committed 7296K, reserved 1056768K
  class space    used 580K, capacity 616K, committed 640K, reserved 1048576K
Event: 0.947 GC heap after
Heap after GC invocations=1 (full 0):
 PSYoungGen      total 57344K, used 8190K [0x000000076ab00000, 0x0000000771b00000, 0x00000007c0000000)
  eden space 49152K, 0% used [0x000000076ab00000,0x000000076ab00000,0x000000076db00000)
  from space 8192K, 99% used [0x000000076db00000,0x000000076e2ffa00,0x000000076e300000)
  to   space 8192K, 0% used [0x0000000771300000,0x0000000771300000,0x0000000771b00000)
 ParOldGen       total 131072K, used 5547K [0x00000006c0000000, 0x00000006c8000000, 0x000000076ab00000)
  object space 131072K, 4% used [0x00000006c0000000,0x00000006c056ac28,0x00000006c8000000)
 Metaspace       used 5929K, capacity 7024K, committed 7296K, reserved 1056768K
  class space    used 580K, capacity 616K, committed 640K, reserved 1048576K
}

Deoptimization events (10 events):
Event: 0.434 Thread 0x000000001eb5b000 Uncommon trap: reason=unstable_if action=reinterpret pc=0x0000000003001400 method=java.util.HashMap.getNode(ILjava/lang/Object;)Ljava/util/HashMap$Node; @ 129
Event: 0.613 Thread 0x000000001eb61000 Uncommon trap: reason=unstable_if action=reinterpret pc=0x000000000302ba34 method=java.util.BitSet.nextSetBit(I)I @ 87
Event: 0.646 Thread 0x000000001e9e3800 Uncommon trap: reason=unstable_if action=reinterpret pc=0x00000000030b32d0 method=com.android.dx.ssa.SsaRenamer$BlockRenamer.addMapping(ILcom/android/dx/rop/code/RegisterSpec;)V @ 120
Event: 0.730 Thread 0x000000001eb61000 Uncommon trap: reason=unstable_if action=reinterpret pc=0x000000000316b92c method=com.android.dx.util.IntList.binarysearch(I)I @ 26
Event: 0.730 Thread 0x000000001eb61000 Uncommon trap: reason=unstable_if action=reinterpret pc=0x0000000003075760 method=com.android.dx.rop.code.RegisterSpec.equals(ILcom/android/dx/rop/type/TypeBearer;Lcom/android/dx/rop/code/LocalItem;)Z @ 16
Event: 0.730 Thread 0x000000001eb61000 Uncommon trap: reason=class_check action=maybe_recompile pc=0x0000000003066468 method=com.android.dx.rop.type.Type.equals(Ljava/lang/Object;)Z @ 8
Event: 0.730 Thread 0x000000001eb61000 Uncommon trap: reason=unstable_if action=reinterpret pc=0x000000000303e5d4 method=com.android.dx.rop.code.RegisterSpec.equals(ILcom/android/dx/rop/type/TypeBearer;Lcom/android/dx/rop/code/LocalItem;)Z @ 16
Event: 0.731 Thread 0x000000001eb61000 Uncommon trap: reason=unstable_if action=reinterpret pc=0x00000000030708a8 method=com.android.dx.rop.code.RegisterSpec.equals(ILcom/android/dx/rop/type/TypeBearer;Lcom/android/dx/rop/code/LocalItem;)Z @ 16
Event: 0.731 Thread 0x000000001eb61000 Uncommon trap: reason=unstable_if action=reinterpret pc=0x00000000031211d4 method=com.android.dx.cf.code.Ropper.labelToResultIndex(I)I @ 34
Event: 0.733 Thread 0x000000001eb61000 Uncommon trap: reason=class_check action=maybe_recompile pc=0x0000000003066468 method=com.android.dx.rop.type.Type.equals(Ljava/lang/Object;)Z @ 8

Classes redefined (0 events):
No events

Internal exceptions (2 events):
Event: 0.030 Thread 0x0000000002bde000 Exception <a 'java/lang/NoSuchMethodError': Method sun.misc.Unsafe.defineClass(Ljava/lang/String;[BII)Ljava/lang/Class; name or signature does not match> (0x000000076ab07ca8) thrown at [D:\src\AOSP-openjdk-cygwin\jdk8u\hotspot\src\share\vm\prims\jni.cpp, 
Event: 0.031 Thread 0x0000000002bde000 Exception <a 'java/lang/NoSuchMethodError': Method sun.misc.Unsafe.prefetchRead(Ljava/lang/Object;J)V name or signature does not match> (0x000000076ab07f90) thrown at [D:\src\AOSP-openjdk-cygwin\jdk8u\hotspot\src\share\vm\prims\jni.cpp, line 4011]

Events (10 events):
Event: 0.829 Thread 0x0000000002bde000 DEOPT PACKING pc=0x00000000031a8ad2 sp=0x0000000002cddd50
Event: 0.829 Thread 0x0000000002bde000 DEOPT UNPACKING pc=0x0000000002e275bf sp=0x0000000002cddab8 mode 0
Event: 0.830 Thread 0x0000000002bde000 DEOPT PACKING pc=0x00000000031a8ad2 sp=0x0000000002cddd50
Event: 0.830 Thread 0x0000000002bde000 DEOPT UNPACKING pc=0x0000000002e275bf sp=0x0000000002cddab8 mode 0
Event: 0.830 Thread 0x0000000002bde000 DEOPT PACKING pc=0x00000000031a8ad2 sp=0x0000000002cddd50
Event: 0.830 Thread 0x0000000002bde000 DEOPT UNPACKING pc=0x0000000002e275bf sp=0x0000000002cddab8 mode 0
Event: 0.831 Thread 0x0000000002bde000 DEOPT PACKING pc=0x00000000031a8ad2 sp=0x0000000002cddd50
Event: 0.831 Thread 0x0000000002bde000 DEOPT UNPACKING pc=0x0000000002e275bf sp=0x0000000002cddab8 mode 0
Event: 0.927 Executing VM operation: ParallelGCFailedAllocation
Event: 0.947 Executing VM operation: ParallelGCFailedAllocation done


Dynamic libraries:
0x00007ff610b20000 - 0x00007ff610b51000 	C:\Program Files\Android\Android Studio\jre\bin\java.exe
0x00007ff9835d0000 - 0x00007ff9837ab000 	C:\WINDOWS\SYSTEM32\ntdll.dll
0x00007ff9833d0000 - 0x00007ff98347e000 	C:\WINDOWS\System32\KERNEL32.DLL
0x00007ff97fb10000 - 0x00007ff97fd59000 	C:\WINDOWS\System32\KERNELBASE.dll
0x00007ff981650000 - 0x00007ff9816f1000 	C:\WINDOWS\System32\ADVAPI32.dll
0x00007ff980f70000 - 0x00007ff98100d000 	C:\WINDOWS\System32\msvcrt.dll
0x00007ff983310000 - 0x00007ff983369000 	C:\WINDOWS\System32\sechost.dll
0x00007ff981210000 - 0x00007ff981335000 	C:\WINDOWS\System32\RPCRT4.dll
0x00007ff983480000 - 0x00007ff9835ca000 	C:\WINDOWS\System32\USER32.dll
0x00007ff97faf0000 - 0x00007ff97fb0e000 	C:\WINDOWS\System32\win32u.dll
0x00007ff981120000 - 0x00007ff981147000 	C:\WINDOWS\System32\GDI32.dll
0x00007ff97ff00000 - 0x00007ff980087000 	C:\WINDOWS\System32\gdi32full.dll
0x00007ff97fd60000 - 0x00007ff97fdfa000 	C:\WINDOWS\System32\msvcp_win.dll
0x00007ff97fe00000 - 0x00007ff97fef6000 	C:\WINDOWS\System32\ucrtbase.dll
0x00007ff975fe0000 - 0x00007ff976247000 	C:\WINDOWS\WinSxS\amd64_microsoft.windows.common-controls_6595b64144ccf1df_6.0.15063.483_none_26002d27e7c744a2\COMCTL32.dll
0x00007ff981340000 - 0x00007ff981639000 	C:\WINDOWS\System32\combase.dll
0x00007ff9800f0000 - 0x00007ff98015a000 	C:\WINDOWS\System32\bcryptPrimitives.dll
0x00007ff981d30000 - 0x00007ff981d5d000 	C:\WINDOWS\System32\IMM32.DLL
0x0000000067f00000 - 0x0000000067fd2000 	C:\Program Files\Android\Android Studio\jre\jre\bin\msvcr100.dll
0x0000000067fe0000 - 0x000000006881e000 	C:\Program Files\Android\Android Studio\jre\jre\bin\server\jvm.dll
0x00007ff981700000 - 0x00007ff981708000 	C:\WINDOWS\System32\PSAPI.DLL
0x00007ff972730000 - 0x00007ff972739000 	C:\WINDOWS\SYSTEM32\WSOCK32.dll
0x00007ff979100000 - 0x00007ff97910a000 	C:\WINDOWS\SYSTEM32\VERSION.dll
0x00007ff97db40000 - 0x00007ff97db63000 	C:\WINDOWS\SYSTEM32\WINMM.dll
0x00007ff981bc0000 - 0x00007ff981c2c000 	C:\WINDOWS\System32\WS2_32.dll
0x00007ff97db10000 - 0x00007ff97db3b000 	C:\WINDOWS\SYSTEM32\winmmbase.dll
0x00007ff980860000 - 0x00007ff9808a9000 	C:\WINDOWS\System32\cfgmgr32.dll
0x00007ff9768b0000 - 0x00007ff9768bf000 	C:\Program Files\Android\Android Studio\jre\jre\bin\verify.dll
0x00007ff966fa0000 - 0x00007ff966fc9000 	C:\Program Files\Android\Android Studio\jre\jre\bin\java.dll
0x00007ff9746e0000 - 0x00007ff9746f6000 	C:\Program Files\Android\Android Studio\jre\jre\bin\zip.dll
0x00007ff981ed0000 - 0x00007ff983307000 	C:\WINDOWS\System32\SHELL32.dll
0x00007ff981150000 - 0x00007ff9811fa000 	C:\WINDOWS\System32\shcore.dll
0x00007ff980160000 - 0x00007ff980851000 	C:\WINDOWS\System32\windows.storage.dll
0x00007ff981ac0000 - 0x00007ff981b11000 	C:\WINDOWS\System32\shlwapi.dll
0x00007ff97fa60000 - 0x00007ff97fa71000 	C:\WINDOWS\System32\kernel.appcore.dll
0x00007ff97faa0000 - 0x00007ff97faec000 	C:\WINDOWS\System32\powrprof.dll
0x00007ff97fa40000 - 0x00007ff97fa55000 	C:\WINDOWS\System32\profapi.dll

VM Arguments:
jvm_args: -Djava.awt.headless=true -Xmx4g -Dfile.encoding=windows-1252 -Duser.country=US -Duser.language=en -Duser.variant 
java_command: com.android.dx.command.Main --dex --force-jumbo --num-threads=4 --multi-dex --output C:\Users\N\Documents\GitHub\Habitivity\app\build\intermediates\transforms\dex\debug\folders\1000\5\slice_9 C:\Users\N\Documents\GitHub\Habitivity\app\build\intermediates\transforms\instantRunSlicer\debug\folders\1\5\slice_9
java_class_path (initial): C:\Users\N\AppData\Local\Android\sdk\build-tools\26.0.2\lib\dx.jar
Launcher Type: SUN_STANDARD

Environment Variables:
PATH=C:\ProgramData\Oracle\Java\javapath;C:\Program Files (x86)\Common Files\Intel\Shared Libraries\redist\intel64\compiler;C:\Program Files (x86)\AMD APP\bin\x86_64;C:\Program Files (x86)\AMD APP\bin\x86;c:\Program Files (x86)\Intel\iCLS Client\;c:\Program Files\Intel\iCLS Client\;C:\WINDOWS\system32;C:\WINDOWS;C:\WINDOWS\System32\Wbem;C:\WINDOWS\System32\WindowsPowerShell\v1.0\;C:\Program Files\Intel\Intel(R) Management Engine Components\DAL;C:\Program Files\Intel\Intel(R) Management Engine Components\IPT;C:\Program Files (x86)\Intel\Intel(R) Management Engine Components\DAL;C:\Program Files (x86)\Intel\Intel(R) Management Engine Components\IPT;C:\Program Files (x86)\ATI Technologies\ATI.ACE\Core-Static;C:\Program Files (x86)\Windows Live\Shared;C:\Program Files\Samsung\AllShare Framework DMS\1.3.23\;C:\Program Files\Samsung\AllShare Framework DMS\1.3.23\64bit\;C:\Program Files (x86)\QuickTime\QTSystem\;C:\Program Files\Common Files\Autodesk Shared\;C:\Program Files\WorldPainter;C:\Program Files (x86)\GtkSharp\2.12\bin;C:\Program Files (x86)\Autodesk\Backburner\;C:\Users\N\AppData\Local\Microsoft\WindowsApps;C:\Users\N\AppData\Local\GitHubDesktop\bin
USERNAME=N
OS=Windows_NT
PROCESSOR_IDENTIFIER=Intel64 Family 6 Model 58 Stepping 9, GenuineIntel



---------------  S Y S T E M  ---------------

OS: Windows 10.0 , 64 bit Build 15063 (10.0.15063.296)

CPU:total 8 (initial active 8) (4 cores per cpu, 2 threads per core) family 6 model 58 stepping 9, cmov, cx8, fxsr, mmx, sse, sse2, sse3, ssse3, sse4.1, sse4.2, popcnt, avx, aes, clmul, erms, ht, tsc, tscinvbit, tscinv

Memory: 4k page, physical 12537168k(3925468k free), swap 16731472k(27000k free)

vm_info: OpenJDK 64-Bit Server VM (25.152-b01) for windows-amd64 JRE (1.8.0_152-release-915-b01), built by "builder" with MS VC++ 10.0 (VS2010)

time: Thu Nov 30 01:41:09 2017
elapsed time: 1 seconds (0d 0h 0m 1s)

