#
# A fatal error has been detected by the Java Runtime Environment:
#
#  EXCEPTION_ACCESS_VIOLATION (0xc0000005) at pc=0x0000000064b4c5f7, pid=150664, tid=0x0000000000024544
#
# JRE version: OpenJDK Runtime Environment (8.0_152-b01) (build 1.8.0_152-release-915-b01)
# Java VM: OpenJDK 64-Bit Server VM (25.152-b01 mixed mode windows-amd64 compressed oops)
# Problematic frame:
# V  [jvm.dll+0x1ec5f7]
#
# Failed to write core dump. Minidumps are not enabled by default on client versions of Windows
#
# If you would like to submit a bug report, please visit:
#   http://bugreport.java.com/bugreport/crash.jsp
#

---------------  T H R E A D  ---------------

Current thread (0x000000001e065000):  JavaThread "Signal Dispatcher" daemon [_thread_in_vm, id=148804, stack(0x000000001e630000,0x000000001e730000)]

siginfo: ExceptionCode=0xc0000005, writing address 0x000000001e72af90

Registers:
RAX=0x000000001e72af90, RBX=0x0000000000000005, RCX=0x0000000000004000, RDX=0x0000000000000006
RSP=0x000000001e72ef90, RBP=0x0000000000000000, RSI=0x000000001e72ef90, RDI=0x0000000000000005
R8 =0x0000000000000006, R9 =0x000000001c116b40, R10=0x000000001b75da70, R11=0x000000001e63a150
R12=0x000000001c116b40, R13=0x000000001e065000, R14=0x000000001e72f058, R15=0x000000001b75da70
RIP=0x0000000064b4c5f7, EFLAGS=0x0000000000010206

Top of Stack: (sp=0x000000001e72ef90)
0x000000001e72ef90:   0000000000000001 0000000000000000
0x000000001e72efa0:   000000001e065000 000000001c116b40
0x000000001e72efb0:   00000000ffffffff 0000000064b4d527
0x000000001e72efc0:   000000001e72f0c0 000000001b75da70
0x000000001e72efd0:   000000001e065000 00000000649fb2d3
0x000000001e72efe0:   000000001e72f020 000000001e065000
0x000000001e72eff0:   000000001e72f0b0 000000001e065000
0x000000001e72f000:   000000001b75da70 000000001e065000
0x000000001e72f010:   0000000002612f40 000000001e065000
0x000000001e72f020:   000000001b75da70 000000001e065000
0x000000001e72f030:   000000001b75da70 000000001e065000
0x000000001e72f040:   0000000000000001 000000001b75da70
0x000000001e72f050:   000000001e065000 000000001c117130
0x000000001e72f060:   000000001e065000 00000000649fc7bd
0x000000001e72f070:   000000001e72f468 00000007c00066b0
0x000000001e72f080:   00000007c00066b0 00007ff9835f2313 

Instructions: (pc=0x0000000064b4c5f7)
0x0000000064b4c5d7:   48 89 6c 24 30 33 ed 66 90 e8 ab bf 07 00 ff c3
0x0000000064b4c5e7:   48 63 c8 48 8b c6 48 0f af cf 48 ff c7 48 2b c1
0x0000000064b4c5f7:   89 28 48 63 c3 48 3b 05 a5 3f 57 00 7e db 48 8b
0x0000000064b4c607:   6c 24 30 48 8b 5c 24 38 48 8b 74 24 40 48 83 c4 


Register to memory mapping:

RAX=0x000000001e72af90 is pointing into the stack for thread: 0x000000001e065000
RBX=0x0000000000000005 is an unknown value
RCX=0x0000000000004000 is an unknown value
RDX=0x0000000000000006 is an unknown value
RSP=0x000000001e72ef90 is pointing into the stack for thread: 0x000000001e065000
RBP=0x0000000000000000 is an unknown value
RSI=0x000000001e72ef90 is pointing into the stack for thread: 0x000000001e065000
RDI=0x0000000000000005 is an unknown value
R8 =0x0000000000000006 is an unknown value
R9 =0x000000001c116b40 is an unknown value
R10={method} {0x000000001b75da78} 'exit' '()V' in 'java/lang/Thread'
R11=0x000000001e63a150 is pointing into the stack for thread: 0x000000001e065000
R12=0x000000001c116b40 is an unknown value
R13=0x000000001e065000 is a thread
R14=0x000000001e72f058 is pointing into the stack for thread: 0x000000001e065000
R15={method} {0x000000001b75da78} 'exit' '()V' in 'java/lang/Thread'


Stack: [0x000000001e630000,0x000000001e730000],  sp=0x000000001e72ef90,  free space=1019k
Native frames: (J=compiled Java code, j=interpreted, Vv=VM code, C=native code)


---------------  P R O C E S S  ---------------

Java Threads: ( => current thread )
  0x000000001e3d7800 JavaThread "pool-2-thread-4" [_thread_blocked, id=16256, stack(0x000000001f230000,0x000000001f330000)]
  0x000000001e24f000 JavaThread "pool-2-thread-3" [_thread_blocked, id=9176, stack(0x000000001f130000,0x000000001f230000)]
  0x000000001e241800 JavaThread "pool-2-thread-2" [_thread_blocked, id=12000, stack(0x000000001f030000,0x000000001f130000)]
  0x000000001e22c000 JavaThread "pool-3-thread-1" [_thread_blocked, id=148100, stack(0x000000001ef30000,0x000000001f030000)]
  0x000000001e22b000 JavaThread "pool-2-thread-1" [_thread_blocked, id=146180, stack(0x000000001ee30000,0x000000001ef30000)]
  0x000000001e0c8000 JavaThread "Service Thread" daemon [_thread_blocked, id=7224, stack(0x000000001ec30000,0x000000001ed30000)]
  0x000000001e07e000 JavaThread "C1 CompilerThread3" daemon [_thread_blocked, id=153288, stack(0x000000001eb30000,0x000000001ec30000)]
  0x000000001e072000 JavaThread "C2 CompilerThread2" daemon [_thread_blocked, id=152068, stack(0x000000001ea30000,0x000000001eb30000)]
  0x000000001e06e000 JavaThread "C2 CompilerThread1" daemon [_thread_blocked, id=147000, stack(0x000000001e930000,0x000000001ea30000)]
  0x000000001e069000 JavaThread "C2 CompilerThread0" daemon [_thread_blocked, id=11020, stack(0x000000001e830000,0x000000001e930000)]
  0x000000001e066000 JavaThread "Attach Listener" daemon [_thread_blocked, id=104580, stack(0x000000001e730000,0x000000001e830000)]
=>0x000000001e065000 JavaThread "Signal Dispatcher" daemon [_thread_in_vm, id=148804, stack(0x000000001e630000,0x000000001e730000)]
  0x000000001c11b000 JavaThread "Finalizer" daemon [_thread_blocked, id=152016, stack(0x000000001e440000,0x000000001e540000)]
  0x00000000025f7000 JavaThread "Reference Handler" daemon [_thread_blocked, id=4640, stack(0x000000001df40000,0x000000001e040000)]
  0x00000000024fe000 JavaThread "main" [_thread_blocked, id=145600, stack(0x0000000002340000,0x0000000002440000)]

Other Threads:
  0x000000001c115800 VMThread [stack: 0x000000001de40000,0x000000001df40000] [id=153328]

VM state:synchronizing (normal execution)

VM Mutex/Monitor currently owned by a thread:  ([mutex/lock_event])
[0x00000000024fd410] Threads_lock - owner thread: 0x000000001c115800

Heap:
 PSYoungGen      total 57344K, used 17154K [0x000000076ab00000, 0x000000076eb00000, 0x00000007c0000000)
  eden space 49152K, 18% used [0x000000076ab00000,0x000000076b3c1cd0,0x000000076db00000)
  from space 8192K, 99% used [0x000000076db00000,0x000000076e2fed28,0x000000076e300000)
  to   space 8192K, 0% used [0x000000076e300000,0x000000076e300000,0x000000076eb00000)
 ParOldGen       total 131072K, used 311K [0x00000006c0000000, 0x00000006c8000000, 0x000000076ab00000)
  object space 131072K, 0% used [0x00000006c0000000,0x00000006c004dec0,0x00000006c8000000)
 Metaspace       used 5988K, capacity 7024K, committed 7296K, reserved 1056768K
  class space    used 578K, capacity 616K, committed 640K, reserved 1048576K

Card table byte_map: [0x00000000119c0000,0x00000000121d0000] byte_map_base: 0x000000000e3c0000

Marking Bits: (ParMarkBitMap*) 0x0000000065123950
 Begin Bits: [0x0000000012f30000, 0x0000000016f30000)
 End Bits:   [0x0000000016f30000, 0x000000001af30000)

Polling page: 0x0000000000b00000

CodeCache: size=245760Kb used=6097Kb max_used=6097Kb free=239662Kb
 bounds [0x0000000002600000, 0x0000000002c00000, 0x0000000011600000]
 total_blobs=1698 nmethods=1435 adapters=177
 compilation: enabled

Compilation events (10 events):
Event: 4.213 Thread 0x000000001e07e000 1434       3       com.android.dx.rop.type.Type::asUninitialized (140 bytes)
Event: 4.215 Thread 0x000000001e07e000 nmethod 1434 0x0000000002bf6650 code [0x0000000002bf69e0, 0x0000000002bf8ba8]
Event: 4.215 Thread 0x000000001e07e000 1435       3       com.android.dx.dex.code.RopTranslator::outputInstructions (69 bytes)
Event: 4.215 Thread 0x000000001e07e000 nmethod 1435 0x0000000002bef610 code [0x0000000002bef7a0, 0x0000000002befbf8]
Event: 4.219 Thread 0x000000001e07e000 1436       1       java.nio.Buffer::position (5 bytes)
Event: 4.219 Thread 0x000000001e07e000 nmethod 1436 0x0000000002be4150 code [0x0000000002be42a0, 0x0000000002be43b0]
Event: 4.219 Thread 0x000000001e07e000 1437       3       sun.nio.cs.SingleByte$Encoder::encode (32 bytes)
Event: 4.220 Thread 0x000000001e07e000 nmethod 1437 0x0000000002bef150 code [0x0000000002bef2c0, 0x0000000002bef4d0]
Event: 4.220 Thread 0x000000001e07e000 1438       1       java.nio.Buffer::limit (5 bytes)
Event: 4.220 Thread 0x000000001e07e000 nmethod 1438 0x0000000002be3e10 code [0x0000000002be3f60, 0x0000000002be4070]

GC Heap History (2 events):
Event: 3.802 GC heap before
{Heap before GC invocations=1 (full 0):
 PSYoungGen      total 57344K, used 49152K [0x000000076ab00000, 0x000000076eb00000, 0x00000007c0000000)
  eden space 49152K, 100% used [0x000000076ab00000,0x000000076db00000,0x000000076db00000)
  from space 8192K, 0% used [0x000000076e300000,0x000000076e300000,0x000000076eb00000)
  to   space 8192K, 0% used [0x000000076db00000,0x000000076db00000,0x000000076e300000)
 ParOldGen       total 131072K, used 0K [0x00000006c0000000, 0x00000006c8000000, 0x000000076ab00000)
  object space 131072K, 0% used [0x00000006c0000000,0x00000006c0000000,0x00000006c8000000)
 Metaspace       used 5894K, capacity 6960K, committed 7040K, reserved 1056768K
  class space    used 574K, capacity 616K, committed 640K, reserved 1048576K
Event: 3.833 GC heap after
Heap after GC invocations=1 (full 0):
 PSYoungGen      total 57344K, used 8187K [0x000000076ab00000, 0x000000076eb00000, 0x00000007c0000000)
  eden space 49152K, 0% used [0x000000076ab00000,0x000000076ab00000,0x000000076db00000)
  from space 8192K, 99% used [0x000000076db00000,0x000000076e2fed28,0x000000076e300000)
  to   space 8192K, 0% used [0x000000076e300000,0x000000076e300000,0x000000076eb00000)
 ParOldGen       total 131072K, used 311K [0x00000006c0000000, 0x00000006c8000000, 0x000000076ab00000)
  object space 131072K, 0% used [0x00000006c0000000,0x00000006c004dec0,0x00000006c8000000)
 Metaspace       used 5894K, capacity 6960K, committed 7040K, reserved 1056768K
  class space    used 574K, capacity 616K, committed 640K, reserved 1048576K
}

Deoptimization events (10 events):
Event: 2.684 Thread 0x000000001e22b000 Uncommon trap: reason=unloaded action=reinterpret pc=0x0000000002a75a3c method=com.android.dx.ssa.SsaRenamer$BlockRenamer.visitMoveInsn(Lcom/android/dx/ssa/NormalSsaInsn;)V @ 208
Event: 2.685 Thread 0x000000001e22b000 Uncommon trap: reason=unstable_if action=reinterpret pc=0x00000000029953ec method=com.android.dx.ssa.NormalSsaInsn.getLocalAssignment()Lcom/android/dx/rop/code/RegisterSpec; @ 12
Event: 2.685 Thread 0x000000001e22b000 Uncommon trap: reason=unstable_if action=reinterpret pc=0x000000000293cb70 method=com.android.dx.ssa.NormalSsaInsn.getLocalAssignment()Lcom/android/dx/rop/code/RegisterSpec; @ 12
Event: 2.685 Thread 0x000000001e22b000 Uncommon trap: reason=unstable_if action=reinterpret pc=0x00000000028962b4 method=com.android.dx.ssa.NormalSsaInsn.getLocalAssignment()Lcom/android/dx/rop/code/RegisterSpec; @ 12
Event: 2.686 Thread 0x000000001e22b000 Uncommon trap: reason=class_check action=maybe_recompile pc=0x00000000028b38a8 method=com.android.dx.rop.type.Type.equals(Ljava/lang/Object;)Z @ 8
Event: 2.688 Thread 0x000000001e22b000 Uncommon trap: reason=unstable_if action=reinterpret pc=0x0000000002a14dac method=com.android.dx.util.IntList.binarysearch(I)I @ 26
Event: 2.690 Thread 0x000000001e22b000 Uncommon trap: reason=class_check action=maybe_recompile pc=0x0000000002a7e280 method=com.android.dx.cf.code.BytecodeArray.parseInstruction(ILcom/android/dx/cf/code/BytecodeArray$Visitor;)I @ 987
Event: 2.690 Thread 0x000000001e22b000 Uncommon trap: reason=class_check action=maybe_recompile pc=0x0000000002a7e280 method=com.android.dx.cf.code.BytecodeArray.parseInstruction(ILcom/android/dx/cf/code/BytecodeArray$Visitor;)I @ 987
Event: 2.702 Thread 0x000000001e22b000 Uncommon trap: reason=class_check action=maybe_recompile pc=0x0000000002a7e280 method=com.android.dx.cf.code.BytecodeArray.parseInstruction(ILcom/android/dx/cf/code/BytecodeArray$Visitor;)I @ 987
Event: 2.703 Thread 0x000000001e22b000 Uncommon trap: reason=class_check action=maybe_recompile pc=0x0000000002a7e280 method=com.android.dx.cf.code.BytecodeArray.parseInstruction(ILcom/android/dx/cf/code/BytecodeArray$Visitor;)I @ 987

Classes redefined (0 events):
No events

Internal exceptions (3 events):
Event: 0.080 Thread 0x00000000024fe000 Exception <a 'java/lang/NoSuchMethodError': Method sun.misc.Unsafe.defineClass(Ljava/lang/String;[BII)Ljava/lang/Class; name or signature does not match> (0x000000076ab07ca8) thrown at [D:\src\AOSP-openjdk-cygwin\jdk8u\hotspot\src\share\vm\prims\jni.cpp, 
Event: 0.080 Thread 0x00000000024fe000 Exception <a 'java/lang/NoSuchMethodError': Method sun.misc.Unsafe.prefetchRead(Ljava/lang/Object;J)V name or signature does not match> (0x000000076ab07f90) thrown at [D:\src\AOSP-openjdk-cygwin\jdk8u\hotspot\src\share\vm\prims\jni.cpp, line 4011]
Event: 4.218 Thread 0x00000000024fe000 Exception <a 'java/lang/OutOfMemoryError'> (0x000000076b0311b0) thrown at [D:\src\AOSP-openjdk-cygwin\jdk8u\hotspot\src\share\vm\prims\jni.cpp, line 735]

Events (10 events):
Event: 4.219 loading class java/lang/Throwable$WrappedPrintStream done
Event: 4.219 loading class java/util/IdentityHashMap
Event: 4.219 loading class java/util/IdentityHashMap done
Event: 4.219 loading class java/util/IdentityHashMap$KeySet
Event: 4.219 loading class java/util/IdentityHashMap$KeySet done
Event: 4.220 loading class java/lang/Shutdown
Event: 4.220 loading class java/lang/Shutdown done
Event: 4.220 loading class java/lang/Shutdown$Lock
Event: 4.220 loading class java/lang/Shutdown$Lock done
Event: 4.220 Executing VM operation: Exit


Dynamic libraries:
0x00007ff610b20000 - 0x00007ff610b51000 	C:\Program Files\Android\Android Studio\jre\bin\java.exe
0x00007ff9835d0000 - 0x00007ff9837ab000 	C:\WINDOWS\SYSTEM32\ntdll.dll
0x00007ff9833d0000 - 0x00007ff98347e000 	C:\WINDOWS\System32\KERNEL32.DLL
0x00007ff97fb10000 - 0x00007ff97fd59000 	C:\WINDOWS\System32\KERNELBASE.dll
0x00007ff981650000 - 0x00007ff9816f1000 	C:\WINDOWS\System32\ADVAPI32.dll
0x00007ff980f70000 - 0x00007ff98100d000 	C:\WINDOWS\System32\msvcrt.dll
0x00007ff983310000 - 0x00007ff983369000 	C:\WINDOWS\System32\sechost.dll
0x00007ff981210000 - 0x00007ff981335000 	C:\WINDOWS\System32\RPCRT4.dll
0x00007ff983480000 - 0x00007ff9835ca000 	C:\WINDOWS\System32\USER32.dll
0x00007ff97faf0000 - 0x00007ff97fb0e000 	C:\WINDOWS\System32\win32u.dll
0x00007ff981120000 - 0x00007ff981147000 	C:\WINDOWS\System32\GDI32.dll
0x00007ff97ff00000 - 0x00007ff980087000 	C:\WINDOWS\System32\gdi32full.dll
0x00007ff97fd60000 - 0x00007ff97fdfa000 	C:\WINDOWS\System32\msvcp_win.dll
0x00007ff97fe00000 - 0x00007ff97fef6000 	C:\WINDOWS\System32\ucrtbase.dll
0x00007ff975fe0000 - 0x00007ff976247000 	C:\WINDOWS\WinSxS\amd64_microsoft.windows.common-controls_6595b64144ccf1df_6.0.15063.483_none_26002d27e7c744a2\COMCTL32.dll
0x00007ff981340000 - 0x00007ff981639000 	C:\WINDOWS\System32\combase.dll
0x00007ff9800f0000 - 0x00007ff98015a000 	C:\WINDOWS\System32\bcryptPrimitives.dll
0x00007ff981d30000 - 0x00007ff981d5d000 	C:\WINDOWS\System32\IMM32.DLL
0x0000000068740000 - 0x0000000068812000 	C:\Program Files\Android\Android Studio\jre\jre\bin\msvcr100.dll
0x0000000064960000 - 0x000000006519e000 	C:\Program Files\Android\Android Studio\jre\jre\bin\server\jvm.dll
0x00007ff981700000 - 0x00007ff981708000 	C:\WINDOWS\System32\PSAPI.DLL
0x00007ff972730000 - 0x00007ff972739000 	C:\WINDOWS\SYSTEM32\WSOCK32.dll
0x00007ff97db40000 - 0x00007ff97db63000 	C:\WINDOWS\SYSTEM32\WINMM.dll
0x00007ff981bc0000 - 0x00007ff981c2c000 	C:\WINDOWS\System32\WS2_32.dll
0x00007ff979100000 - 0x00007ff97910a000 	C:\WINDOWS\SYSTEM32\VERSION.dll
0x00007ff97db10000 - 0x00007ff97db3b000 	C:\WINDOWS\SYSTEM32\WINMMBASE.dll
0x00007ff980860000 - 0x00007ff9808a9000 	C:\WINDOWS\System32\cfgmgr32.dll
0x00007ff9741d0000 - 0x00007ff9741df000 	C:\Program Files\Android\Android Studio\jre\jre\bin\verify.dll
0x00007ff963620000 - 0x00007ff963649000 	C:\Program Files\Android\Android Studio\jre\jre\bin\java.dll
0x00007ff9741b0000 - 0x00007ff9741c6000 	C:\Program Files\Android\Android Studio\jre\jre\bin\zip.dll
0x00007ff981ed0000 - 0x00007ff983307000 	C:\WINDOWS\System32\SHELL32.dll
0x00007ff981150000 - 0x00007ff9811fa000 	C:\WINDOWS\System32\shcore.dll
0x00007ff980160000 - 0x00007ff980851000 	C:\WINDOWS\System32\windows.storage.dll
0x00007ff981ac0000 - 0x00007ff981b11000 	C:\WINDOWS\System32\shlwapi.dll
0x00007ff97fa60000 - 0x00007ff97fa71000 	C:\WINDOWS\System32\kernel.appcore.dll
0x00007ff97faa0000 - 0x00007ff97faec000 	C:\WINDOWS\System32\powrprof.dll
0x00007ff97fa40000 - 0x00007ff97fa55000 	C:\WINDOWS\System32\profapi.dll

VM Arguments:
jvm_args: -Djava.awt.headless=true -Xmx4g -Dfile.encoding=windows-1252 -Duser.country=US -Duser.language=en -Duser.variant 
java_command: com.android.dx.command.Main --dex --force-jumbo --num-threads=4 --multi-dex --output C:\Users\N\Documents\GitHub\Habitivity\app\build\intermediates\transforms\dex\debug\folders\1000\5\slice_4 C:\Users\N\Documents\GitHub\Habitivity\app\build\intermediates\transforms\instantRunSlicer\debug\folders\1\5\slice_4
java_class_path (initial): C:\Users\N\AppData\Local\Android\sdk\build-tools\26.0.2\lib\dx.jar
Launcher Type: SUN_STANDARD

Environment Variables:
PATH=C:\ProgramData\Oracle\Java\javapath;C:\Program Files (x86)\Common Files\Intel\Shared Libraries\redist\intel64\compiler;C:\Program Files (x86)\AMD APP\bin\x86_64;C:\Program Files (x86)\AMD APP\bin\x86;c:\Program Files (x86)\Intel\iCLS Client\;c:\Program Files\Intel\iCLS Client\;C:\WINDOWS\system32;C:\WINDOWS;C:\WINDOWS\System32\Wbem;C:\WINDOWS\System32\WindowsPowerShell\v1.0\;C:\Program Files\Intel\Intel(R) Management Engine Components\DAL;C:\Program Files\Intel\Intel(R) Management Engine Components\IPT;C:\Program Files (x86)\Intel\Intel(R) Management Engine Components\DAL;C:\Program Files (x86)\Intel\Intel(R) Management Engine Components\IPT;C:\Program Files (x86)\ATI Technologies\ATI.ACE\Core-Static;C:\Program Files (x86)\Windows Live\Shared;C:\Program Files\Samsung\AllShare Framework DMS\1.3.23\;C:\Program Files\Samsung\AllShare Framework DMS\1.3.23\64bit\;C:\Program Files (x86)\QuickTime\QTSystem\;C:\Program Files\Common Files\Autodesk Shared\;C:\Program Files\WorldPainter;C:\Program Files (x86)\GtkSharp\2.12\bin;C:\Program Files (x86)\Autodesk\Backburner\;C:\Users\N\AppData\Local\Microsoft\WindowsApps;C:\Users\N\AppData\Local\GitHubDesktop\bin
USERNAME=N
OS=Windows_NT
PROCESSOR_IDENTIFIER=Intel64 Family 6 Model 58 Stepping 9, GenuineIntel



---------------  S Y S T E M  ---------------

OS: Windows 10.0 , 64 bit Build 15063 (10.0.15063.296)

CPU:total 8 (initial active 8) (4 cores per cpu, 2 threads per core) family 6 model 58 stepping 9, cmov, cx8, fxsr, mmx, sse, sse2, sse3, ssse3, sse4.1, sse4.2, popcnt, avx, aes, clmul, erms, ht, tsc, tscinvbit, tscinv

Memory: 4k page, physical 12537168k(4151704k free), swap 16731472k(4352k free)

vm_info: OpenJDK 64-Bit Server VM (25.152-b01) for windows-amd64 JRE (1.8.0_152-release-915-b01), built by "builder" with MS VC++ 10.0 (VS2010)

time: Wed Nov 29 02:14:34 2017
elapsed time: 4 seconds (0d 0h 0m 4s)

